WARNING:tensorflow:From /home/johnny/anaconda3/envs/mi_gail/lib/python3.7/site-packages/tensorflow_gan/python/estimator/tpu_gan_estimator.py:42: The name tf.estimator.tpu.TPUEstimator is deprecated. Please use tf.compat.v1.estimator.tpu.TPUEstimator instead.

usage: main_1.py [-h] [--env_name ENV_NAME] [--expert_path EXPERT_PATH]
                 [--num_expert_trajectories NUM_EXPERT_TRAJECTORIES]
                 [--seed SEED] [--max_timesteps MAX_TIMESTEPS] [--cuda CUDA]
                 [--GPU_num GPU_NUM] [--replay_buffer_size REPLAY_BUFFER_SIZE]
                 [--train_MI_GAIL TRAIN_MI_GAIL] [--train_DAC TRAIN_DAC]
                 [--mi_weight MI_WEIGHT] [--TD3_policy TD3_POLICY]
                 [--TD3_actor_lr TD3_ACTOR_LR] [--TD3_critic_lr TD3_CRITIC_LR]
                 [--TD3_start_timesteps TD3_START_TIMESTEPS]
                 [--TD3_updates_per_step TD3_UPDATES_PER_STEP]
                 [--TD3_eval_freq TD3_EVAL_FREQ]
                 [--TD3_expl_noise TD3_EXPL_NOISE]
                 [--TD3_batch_size TD3_BATCH_SIZE]
                 [--TD3_discount TD3_DISCOUNT] [--TD3_tau TD3_TAU]
                 [--TD3_policy_noise TD3_POLICY_NOISE]
                 [--TD3_noise_clip TD3_NOISE_CLIP]
                 [--TD3_policy_freq TD3_POLICY_FREQ] [--TD3_save_model]
                 [--TD3_load_model TD3_LOAD_MODEL]
                 [--DAC_exploration_noise DAC_EXPLORATION_NOISE]
                 [--DAC_gail_lr DAC_GAIL_LR] [--DAC_lambd DAC_LAMBD]
                 [--DAC_random_actions DAC_RANDOM_ACTIONS]
                 [--DAC_trajectory_size DAC_TRAJECTORY_SIZE]
                 [--DAC_batch_size DAC_BATCH_SIZE]
                 [--DAC_min_samples_to_start DAC_MIN_SAMPLES_TO_START]
                 [--DAC_save_dir DAC_SAVE_DIR]
                 [--DAC_eval_save_dir DAC_EVAL_SAVE_DIR]
                 [--DAC_gail_loss DAC_GAIL_LOSS]
                 [--DAC_save_interval DAC_SAVE_INTERVAL]
                 [--DAC_eval_save_interval DAC_EVAL_SAVE_INTERVAL]
                 [--DAC_learn_absorbing DAC_LEARN_ABSORBING]
                 [--DAC_algo DAC_ALGO]
                 [--MI_target_interval MI_TARGET_INTERVAL]
                 [--VD_env_name VD_ENV_NAME] [--VD_seed VD_SEED]
                 [--VD_expert_dir VD_EXPERT_DIR]
                 [--VD_sample_batch_size VD_SAMPLE_BATCH_SIZE]
                 [--VD_actor_update_freq VD_ACTOR_UPDATE_FREQ]
                 [--VD_discount VD_DISCOUNT] [--VD_nu_lr VD_NU_LR]
                 [--VD_actor_lr VD_ACTOR_LR] [--VD_critic_lr VD_CRITIC_LR]
                 [--VD_sac_alpha VD_SAC_ALPHA] [--VD_tau VD_TAU]
                 [--VD_hidden_size G]
                 [--VD_updates_per_step VD_UPDATES_PER_STEP]
                 [--VD_max_timesteps VD_MAX_TIMESTEPS]
                 [--VD_num_trajectories VD_NUM_TRAJECTORIES]
                 [--VD_num_random_actions VD_NUM_RANDOM_ACTIONS]
                 [--VD_start_training_timesteps VD_START_TRAINING_TIMESTEPS]
                 [--VD_learn_alpha VD_LEARN_ALPHA]
                 [--VD_normalize_states VD_NORMALIZE_STATES]
                 [--VD_log_interval VD_LOG_INTERVAL]
                 [--VD_eval_interval VD_EVAL_INTERVAL] [--VD_algo VD_ALGO]
                 [--VD_absorbing_per_episode VD_ABSORBING_PER_EPISODE]
main_1.py: error: unrecognized arguments: --tain_DAC 1
****************************************
sys.argv: ['/home/johnny/Document/MyCode/mutual_information_imitation_learning/mutual_information_figure/1_value_dice_dac/main_1.py', '--env_name', 'Walker2d-v2', '--GPU_num', '0', '--max_timesteps', '200000', '--seed', '6', '--num_expert_trajectories', '40', '--train_MI_GAIL', '1', '--tain_DAC', '1', '--mi_weight', '0.01']
sys.argv[0]: Walker2d-v2
Find env_name in list sys.argv!!!!!!!!!!!!
